<?xml version="1.0" encoding="UTF-8"?>
<!-- Generated by org.testng.reporters.JUnitXMLReporter -->
<testsuite hostname="EquipoPedro" ignored="1" name="Primer test" tests="8" failures="1" timestamp="19 nov 2018 21:26:11 GMT" time="32.878" errors="0">
  <testcase name="Configuracion" time="11.252" classname="scripts.BuscarEnGoogleFailed"/>
  <testcase name="Configuracion" time="4.872" classname="scripts.BuscarEnGoogleIgnoredTestgroup"/>
  <testcase name="Configuracion" time="4.667" classname="scripts.BuscarEnGooglePassedTestgroup"/>
  <testcase name="Configuracion" time="5.035" classname="scripts.BuscarEnGoogleSkippedTestgroup"/>
  <testcase name="RealizarBusqueda" time="0.02" classname="scripts.BuscarEnGoogleFailed">
    <failure type="java.lang.AssertionError" message="expected [Este tÃ­tulo no es.] but found [Google]">
      <![CDATA[java.lang.AssertionError: expected [Este tÃ­tulo no es.] but found [Google]
	at scripts.BuscarEnGoogleFailed.RealizarBusqueda(BuscarEnGoogleFailed.java:31)
... Removed 40 stack frames]]>
    </failure>
  </testcase> <!-- RealizarBusqueda -->
  <testcase name="RealizarBusqueda" time="2.526" classname="scripts.BuscarEnGooglePassedTestgroup">
    <skipped/>
  </testcase> <!-- RealizarBusqueda -->
  <testcase name="RealizarBusqueda" time="2.247" classname="scripts.BuscarEnGoogleSkippedTestgroup">
    <skipped/>
  </testcase> <!-- RealizarBusqueda -->
  <testcase name="RealizarBusqueda" time="2.233" classname="scripts.BuscarEnGoogleIgnoredTestgroup">
    <skipped/>
  </testcase> <!-- RealizarBusqueda -->
  <testcase name="RealizarBusquedaIgnorado" time="0.0" classname="scripts.BuscarEnGoogleIgnoredTestgroup">
    <ignored/>
  </testcase> <!-- RealizarBusquedaIgnorado -->
</testsuite> <!-- Primer test -->
